2021-12-16 22:23:53.183 [http-nio-8888-exec-10] INFO  com.course.controller.UserManager - 查询到的结果是0
2021-12-16 22:25:53.539 [http-nio-8888-exec-6] INFO  com.course.controller.UserManager - 查询到的结果是1
2021-12-16 22:25:53.539 [http-nio-8888-exec-6] INFO  com.course.controller.UserManager - 登录的用户是：zhangsan
2021-12-16 22:25:53.846 [http-nio-8888-exec-2] INFO  com.course.controller.UserManager - cookies验证通过
2021-12-16 22:25:53.936 [http-nio-8888-exec-2] INFO  com.course.controller.UserManager - 添加用户的数量是：1
2021-12-16 22:25:54.185 [http-nio-8888-exec-7] INFO  com.course.controller.UserManager - cookies验证通过
2021-12-16 22:25:54.188 [http-nio-8888-exec-7] INFO  com.course.controller.UserManager - getUserInfo获取到的用户数量是1
2021-12-16 22:25:54.357 [http-nio-8888-exec-8] INFO  com.course.controller.UserManager - cookies验证通过
2021-12-16 22:25:54.360 [http-nio-8888-exec-8] INFO  com.course.controller.UserManager - getUserInfo获取到的用户数量是4
2021-12-16 22:25:54.586 [http-nio-8888-exec-3] INFO  com.course.controller.UserManager - cookies验证通过
2021-12-16 22:25:54.661 [http-nio-8888-exec-3] INFO  com.course.controller.UserManager - 更新数据的条目数为：1
2021-12-16 22:25:54.795 [http-nio-8888-exec-5] INFO  com.course.controller.UserManager - cookies验证通过
2021-12-16 22:25:54.870 [http-nio-8888-exec-5] INFO  com.course.controller.UserManager - 更新数据的条目数为：1
2021-12-16 22:53:56.705 [http-nio-8888-exec-10] INFO  com.course.controller.UserManager - 查询到的结果是1
2021-12-16 22:53:56.706 [http-nio-8888-exec-10] INFO  com.course.controller.UserManager - 登录的用户是：zhangsan
2021-12-16 22:53:56.971 [http-nio-8888-exec-1] INFO  com.course.controller.UserManager - cookies验证通过
2021-12-16 22:53:57.040 [http-nio-8888-exec-1] INFO  com.course.controller.UserManager - 添加用户的数量是：1
2021-12-16 22:53:57.306 [http-nio-8888-exec-9] INFO  com.course.controller.UserManager - cookies验证通过
2021-12-16 22:53:57.308 [http-nio-8888-exec-9] INFO  com.course.controller.UserManager - getUserInfo获取到的用户数量是1
2021-12-16 23:07:03.108 [http-nio-8888-exec-2] INFO  com.course.controller.UserManager - 查询到的结果是1
2021-12-16 23:07:03.108 [http-nio-8888-exec-2] INFO  com.course.controller.UserManager - 登录的用户是：zhangsan
2021-12-16 23:07:03.298 [http-nio-8888-exec-7] INFO  com.course.controller.UserManager - cookies验证通过
2021-12-16 23:07:03.355 [http-nio-8888-exec-7] INFO  com.course.controller.UserManager - 添加用户的数量是：1
2021-12-16 23:07:03.518 [http-nio-8888-exec-8] INFO  com.course.controller.UserManager - cookies验证通过
2021-12-16 23:07:03.521 [http-nio-8888-exec-8] INFO  com.course.controller.UserManager - getUserInfo获取到的用户数量是1
2021-12-16 23:07:03.698 [http-nio-8888-exec-3] INFO  com.course.controller.UserManager - cookies验证通过
2021-12-16 23:07:03.701 [http-nio-8888-exec-3] INFO  com.course.controller.UserManager - getUserInfo获取到的用户数量是4
2021-12-16 23:07:03.900 [http-nio-8888-exec-5] INFO  com.course.controller.UserManager - cookies验证通过
2021-12-16 23:07:03.955 [http-nio-8888-exec-5] INFO  com.course.controller.UserManager - 更新数据的条目数为：1
2021-12-16 23:07:04.049 [http-nio-8888-exec-4] INFO  com.course.controller.UserManager - cookies验证通过
2021-12-16 23:07:04.080 [http-nio-8888-exec-4] INFO  com.course.controller.UserManager - 更新数据的条目数为：1
2021-12-16 23:09:19.253 [http-nio-8888-exec-1] INFO  com.course.controller.UserManager - 查询到的结果是1
2021-12-16 23:09:19.253 [http-nio-8888-exec-1] INFO  com.course.controller.UserManager - 登录的用户是：zhangsan
2021-12-16 23:09:19.460 [http-nio-8888-exec-9] INFO  com.course.controller.UserManager - cookies验证通过
2021-12-16 23:09:19.599 [http-nio-8888-exec-9] INFO  com.course.controller.UserManager - 添加用户的数量是：1
2021-12-16 23:09:19.777 [http-nio-8888-exec-6] INFO  com.course.controller.UserManager - cookies验证通过
2021-12-16 23:09:19.780 [http-nio-8888-exec-6] INFO  com.course.controller.UserManager - getUserInfo获取到的用户数量是1
2021-12-16 23:09:20.044 [http-nio-8888-exec-2] INFO  com.course.controller.UserManager - cookies验证通过
2021-12-16 23:09:20.048 [http-nio-8888-exec-2] INFO  com.course.controller.UserManager - getUserInfo获取到的用户数量是4
2021-12-16 23:09:20.198 [http-nio-8888-exec-7] INFO  com.course.controller.UserManager - cookies验证通过
2021-12-16 23:09:20.249 [http-nio-8888-exec-7] INFO  com.course.controller.UserManager - 更新数据的条目数为：1
2021-12-16 23:09:20.348 [http-nio-8888-exec-8] INFO  com.course.controller.UserManager - cookies验证通过
2021-12-16 23:09:20.408 [http-nio-8888-exec-8] INFO  com.course.controller.UserManager - 更新数据的条目数为：1
2021-12-16 23:26:33.592 [http-nio-8888-exec-5] INFO  com.course.controller.UserManager - 查询到的结果是1
2021-12-16 23:26:33.593 [http-nio-8888-exec-5] INFO  com.course.controller.UserManager - 登录的用户是：zhangsan
2021-12-16 23:26:33.982 [http-nio-8888-exec-4] INFO  com.course.controller.UserManager - cookies验证通过
2021-12-16 23:26:34.033 [http-nio-8888-exec-4] INFO  com.course.controller.UserManager - 添加用户的数量是：1
2021-12-16 23:26:34.261 [http-nio-8888-exec-10] INFO  com.course.controller.UserManager - cookies验证通过
2021-12-16 23:26:34.300 [http-nio-8888-exec-10] INFO  com.course.controller.UserManager - getUserInfo获取到的用户数量是1
2021-12-16 23:26:34.427 [http-nio-8888-exec-1] INFO  com.course.controller.UserManager - cookies验证通过
2021-12-16 23:26:34.429 [http-nio-8888-exec-1] INFO  com.course.controller.UserManager - getUserInfo获取到的用户数量是5
2021-12-16 23:26:34.665 [http-nio-8888-exec-9] INFO  com.course.controller.UserManager - cookies验证通过
2021-12-16 23:26:34.734 [http-nio-8888-exec-9] INFO  com.course.controller.UserManager - 更新数据的条目数为：1
2021-12-16 23:26:34.889 [http-nio-8888-exec-6] INFO  com.course.controller.UserManager - cookies验证通过
2021-12-16 23:26:35.088 [http-nio-8888-exec-6] INFO  com.course.controller.UserManager - 更新数据的条目数为：1
2021-12-16 23:52:13.512 [http-nio-8888-exec-3] INFO  com.course.controller.UserManager - 查询到的结果是0
